Eliseo Castillo
Dale Crowe
Jose Luis Garcia
Dale Crowe
Robert Davis
Artis Pendergrass
Jerry Ballard
Mark Wills
Peter Sampson
Michael Polite Coffie
Mark Wills
David Bey
Joey Maxim
Anthony Nansen
Michael Polite Coffie
Oscar Rivas
Fres Oquendo
Jason Nicholson
Andrew Greeley
Arron Lyons
Ritchie Goosehead
Vyacheslav Glazkov
Chad Dawson
Danell Nicholson
Sergei Kobozev
Sergiej Werwejko
Darrel Madison
Marcellus Brown
Denis Bakhtov
Manuel Charr
Vyacheslav Glazkov
Tye Fields
Gbenga Oloukun
Levi Billups
Mike Rouse
Marvis Frazier
James Broad
Fred Houpe
John Carlo
Shane Sutcliffe
James Wilder
Kevin Porter
Frazer Clarke
Tony Morrison
Plamen Nikolov
Ladislao Mijangos
Terry Mims
Jim Ashard
Angelo Musone
Rocky Sekorski
Dwight Muhammad Qawi
Carlos de León
Adrian Taylor
Brandon Glanton
Eddie López
Taras Bydenko
Juan Carlos Gomez
Fabrice Tiozzo
Fres Oquendo
Marcelo Fabian Dominguez
Oscar Angel Gomez
Oscar Angel Gomez
Walter Johnson
Sandy Ferguson
George Gardner
Denver Ed Martin
Denver Ed Martin
Denver Ed Martin
Ed Dunkhorst
Ed Dunkhorst
Joe Goddard
Mexican Pete Everett
Ed Dunkhorst
Joe Sheehy
Fred Morris
Walter Johnson
Paul Slowinski
Zuri Lawrence
Lance Whitaker
Attila Levin
Harold Sconiers
Lincoln Luke
Irineu Beato Costa Junior
Walter David Cabral
Jovo Pudar
Cesar David Crenz
Pedro Otas
Aleksandr Alekseyev
Hector Ricardo Sotelo
Krzysztof Włodarczyk
Sergio Martin Beaz
Cesar David Crenz
Miguel Angel Antonio Aguirre
Vincenzo Cantatore
Arsen Goulamirian
Noel Mikaelian
Vaitele Soi
Anthony McCracken
Daniel Ammann
Jamie Withers
Enzo Maccarinelli
Kariz Kariuki
Terry Tuteru
Lukasz Rozanski
Eddie Blunt
Gunnar Bärlund
Andre Lenglet
Ford Smith
Babe Hunt
Lou Nova
Lou Nova
Tommy Farr
Willie Davies
Johnny Risko
Les Kennedy
Tiny Abbott
Jack McCarthy
Carl Spencer
Coleman Barrett
Luke Simpkin
Paul King
Murat Gassiev
Keith McKnight
Thomas Williams
Joey Guy
Tue Bjørn Thomsen
Dan Kosmicki
Tony LaRosa
Rocky Gannon
Tosca Petridis
Henry Maske
Adolpho Washington
Nigel Benn
Michael Nunn
Roberto Durán
Sumbu Kalambay
Eddie Hall
Robbie Sims
Osley Silas
Aaron Wade
Henry Hall
Roy Miller
Tommy Hubert
Major Jones
Bert Lytell
Chuck Hunter
Vinnie Vines
Lee Black
Tony Del Gatto
Wendy Wilson
Clarence Wilkinson
Artie Towne
Charley Early
Cliff Couser
Joe Mesi
Lance Whitaker
BJ Flores
Zack Page
Jason Waller
Brian Minto
Leo Nolan
Willie Phillips
David McNemar
Sedreck Fields
Andre Purlette
Tim Knight
Ignacio Esparza
David Rodriguez
Cedric Boswell
Manuel Charr
Yawe Davis
Adonis Stevenson
Isaac Chilemba
Nathan Cleverly
Alex García
Pierre Coetzer
Carlos De León
Boone Pultz
Marvis Frazier
Jim Lemming
Donnie Long
Dmitry Bivol
Aliaksei Kudzin
Ray Anis
Buster Mathis Jr.
Mike Hunter
Domonic Jenkins
Tommy Harrison
Tommy Harrison
Bob Baker
Clarence Henry
Archie Moore
Sid Peaks
Harold Johnson
Leonard Morrow
Archie Moore
Joey Maxim
Archie Moore
Archie Moore
Lee Q Murray
Lee Q Murray
Melio Bettina
Bob Pastor
Melio Bettina
Tony Musto
Lem Franklin
Anton Christoforidis
Danny McAlinden
José Manuel Urtain
Piero Tomasoni
Hubert Hilton
Freddie Mack
Joe Erskine
Renato Moraes
Stoffel Willemse
Miguel Angel Paez
Jose Giorgetti
Zora Folley
Marcin Siwy
Pedro Carrión
Clifford Etienne
Grezi Line
Rimantas Prismantas
Luan Krasniqi
Mathew Ellis
Obed Sullivan
Timo Hoffmann
Willi Fischer
Terrence Lewis
Kasson Saxton
Jozsef Kull Koszegi
Lee Manuel Ossie
Nestor Hipolito Giovannini
Nestor Hipolito Giovannini
Michael Murray
Abe Feldman
Al Stillman
Martin Levandowski
Al Ettore
Hans Birkie
Lou Scozza
Tom Patrick
John Henry Lewis
Tony Shucco
Charley Retzlaff
Baxter Calmes
Al Gainer
Maxie Rosenbloom
Joe Sekyra
Andy Mitchell
Babe Hunt
Harold Mays
Billy Jones
Leo Lomski
Maxie Rosenbloom
Yale Okun
Leo Lomski
Joe Sekyra
Nando Tassi
Billy Vidabeck
Joe Monte
Joe Monte
Herman Heller
Paul Cavalier
George LaRocco
Doc Conrad
Willie Daly
Al Settle
Luigi Musina
Luigi Musina
Luigi Musina
Albert Di Meglio
Leroy Haynes
Leroy Haynes
Stanley Poreda
Jim Maloney
Franz Diener
Eddie Huffman
Battling Siki
Joe Jeannette
Billy Papke
Frank Klaus
Dixie Kid
Henri Piet
Jean Audouy
Paul Til
Fernand Cuny
Ted Broadribb
Buck Shine
Paul Til
Paul Til
Paul Til
Charles Legrand
Georges Gloria
Charles Legrand
Ed Salmon
Fres Oquendo
Kendrick Releford
DaVarryl Williamson
Charles Shufford
Fred Adams
Alexander Zolkin
Maxim Vlasov
Ola Afolabi
Krzysztof Włodarczyk
Thabiso Mchunu
Alvin Green
George Logan
Donnie Fleeman
Alfredo Zuany
Dick Richardson
Harry Matthews
Pat McMurtry
Wayne Bethea
Young Jack Johnson
Toxie Hall
John Holman
Harold Johnson
Rex Layne
Lloyd Marshall
Kid Tunero
Ken Overlin
Ken Overlin
Mairis Briedis
Jack Taylor
Denver Ed Martin
Denver Ed Martin
Jack Bonner
Joe Kennedy
Tom 'Stockings' Conroy
Jack Bonner
Charley Strong
Dan Creedon
Hank Griffin
John Rivers
Kid Carter
Nick Burley
Philadelphia Jack O'Brien
Philadelphia Jack O'Brien
Kid Carter
Barbados Joe Walcott
Charles Kid McCoy
Charles Kid McCoy
Ed Dunkhorst
Willard Bean
Charles Kid McCoy
Gus Ruhlin
Peter Maher
Dan Creedon
Jim Hall
Joe Goddard
Joe Goddard
Billy McCarthy
Buster Mathis
Zora Folley
Tony Alongi
Joe Erskine
Bob Cleroux
Bob Cleroux
Pat McMurtry
Alex Miteff
Bob Baker
Howard King
Cassius Clay
Bartolo Soni
Viddal Riley
Leonardo Mosquea
Kitione Lave
Randolph Turpin
Jimmy Slade
Aaron Wilson
Aaron Wilson
Jimmy Carroll
Johnny Barton
Johnny Williams
Reg Spring
Jimmy Carroll
Dave Goodwin
Jock Taylor
Jock Taylor
Donovan Dennis
Chris Chrispoulides
Alvaro Morales
Timur Ibragimov
Lance Whitaker
Sedreck Fields
Sherman Williams
David Bostice
Terrence Lewis
Frankie Swindell
Leon Taylor
Carl Davis
Chauncy Welliver
Darroll Wilson
Joe Mesi
Fres Oquendo
Derrick Jefferson
Anthony Green
Samson Po'uha
Alexander Zolkin
Craig Petersen
Mike Cohen
Nate Miller
Everett Martin
Reggie Gross
Arthur Williams
Arthur Williams
Terrance Smith
Mike Alderete
Robert Green
Alex Conte
Amos Johnson
Roger Rischer
Cassius Clay
Zora Folley
Erich Schoppner
Heinz Neuhaus
Joe Erskine
Joe Bygraves
Peter Bates
Joe Erskine
Uber Bacilieri
Joe Lannon
Dave Campbell
Frank Glover
Jack Burke
Duncan McDonald
Koroseta Kid
Fred Lewis
Terry Hinke
Steve Carter
Santiago Lovell Jr.
Miguel Ángel Paez
Miguel Ángel Paez
Miguel Ángel Paez
Roger Rischer
Lawrence Clay-Bey
Billy Walker
Benito Penna
Albert Westphal
Dante Cane'
Giorgio Masteghin
Ray Patterson
Celio Turrini
Walter dos Santos
Andrew Tabiti
Krzysztof Głowacki
Vyacheslav Glazkov
Krzysztof Włodarczyk
David Izeqwire
Charles Williams
Virgil Hill
Dennis Andries
Charles Williams
Mustafa Hamsho
Adam Machaj
Bill Hodgson
Tom Little
Igor Mihaljević
Tor Hamer
Martha Salazar[4]
Tiffany Woodard
Claressa Shields
Tessa Tualevao
Tessa Tualevao
Aldo Colliander
Aldo Colliander
Dale Brown
Jermell Barnes
Caseny Truesdale
Sergey Kobozev
Eric Holley
Jack Mulowayi
Ante Verunica
Johnny Risko
Jim Maloney
Paul Berlenbach
Jimmy Slattery
Jimmy Slattery
Bryan Downey
Jackie Clark
Jimmy O'Gatty
Young Fisher
Augie Ratner
Tommy Robson
Jack McCarron
Kevin Lerena
Matias Ariel Vidondo
Enzo Maccarinelli
Cengiz Koc
Nikolay Valuev
Juan Carlos Gomez
Juan Carlos Gomez
Anaclet Wamba
Raul Andres Aguiar
Nikolay Valuev
Obed Sullivan
David Dixon
Simon Kean
Lee Mein
Shawn Corbin
Shawn Cox
Enzo Maccarinelli
Jean-Marc Mormeck
Steffen Tangstad
Marvis Frazier
Richard Dunn
Larry Middleton
Bill Drover
Dick Hall
Paul Brown
Joe Beckett
Arthur Pelkey
Philadelphia Jack O'Brien
Jack Twin Sullivan
Hugo Kelly
Hugo Kelly
Jack Twin Sullivan
Philadelphia Jack O'Brien
Billy Woods
Tony Caponi
Mike Schreck
Billy Moore
Mike Schreck
Damian Wills
Andrey Fedosov
Andre Purlette
Eric Curry
Kevin Ford
Terry Davis
Terry Davis
Sean McClain
Craig Petersen
Sammy Speech
James Pritchard
Cleveland Woods
Phil Jackson
Tye Fields
Neven Pajkic
Homero Fonseca
Homero Fonseca
Art Binkowski
Jason Gavern
John Clark
Darrell Provo
Eric Lindsey
Kash Ali
Christian Lewandowski
Franz Rill
DL Jones
James Oliphant
Dorian Darch
Lucas Browne
Jarno Rosberg
Larry Olubamiwo
Johnathon Banks
David Dolan
Sebastian Köber
Chris Burton
David Ingleby
Paul Buttery
Charlie Haghey
Philadelphia Jack O'Brien
Sandy Ferguson
Charlie Haghey
Sandy Ferguson
Jack 'Twin' Sullivan
Dick O'Brien
Tom Carey
Billy Stift
Mysterious Billy Smith
Jack Root
'Wild' Bill Hanrahan
Dick O'Brien
George Gardner
George Gardner
George Gardner
Jim McCormick
Dick O'Brien
Tommy West
Australian Jim Ryan
Billy Stift
Dick O'Brien
Jack Bonner
Johnny Gorman
Dan Murphy
Charles Goff
Dan Murphy
Dan Murphy
Jack Colbert
Brian Minto
Danny Green
Richard Hagan
Ocie Talbert
Jackie Thompson
Gibbs Pike
Charles Udalor
Mary Konate
Proud Kilimanjaro
Adama Mensah
Hennie Thoonen
John L. Gardner
Kallie Knoetze
Raúl Gorisito
Sugar Ray Anderson
Billy Aird
Conny Velenšek
Santiago Lovell Jr.
Avenamar Peralta
Armando Zanini
Larry Middleton
George Benton
Don Fullmer
Rubin Carter
Henry Hank
Holley Mims
Viacheslav Datsik
Khizir Pliev
Randall Rayment
Thomas Heads[6]
Joel Clifton
Kyle Brumby[7]
Paul Gallen[8]
Olaf Olsen
Kirk Lawton
Curt Allan
Harry Funmaker
Baden Oui
George Linberger
Kenny Craven
Kenny Craven
Lewis Gilbert
Billy Zumbrun
Abdul Muhaymin
Jason Farley
Billy Eaton
Mitchell Rose
Adilson Rodrigues
Pierre Coetzer
Anders Eklund
Patrick Lumumba
Steffen Tangstad
Hughroy Currie
Lucien Rodriguez
Terry O'Connor
Felipe Rodriquez Piñeiro
Felipe Rodriquez Piñeiro
Lorenzo Zanon
Lorenzo Zanon
Jose Antonio Galvez
Alejandra Jimenez
Gwendolyn O'Neil
Vonda Ward
Natascha Ragosina
Ijeoma Egbunine
Valerie Mahfood
Valerie Mahfood
Nikki Eplion
Lucas Browne
Marco Kenny Viscarra
Ronald Johnson
Zamig Athakishiyev
Samir Nebo
Vladimir Goncharov
Marcelo Ferreira dos Santos
Chauncy Welliver
Billy Wright
Ronald Arancibia
Omer Salas
Irineu Beato Costa Junior
Gonzalo Basile
David Gutierrez
Raphael Zumbano
Raphael Zumbano
Manuel Alberto Pucheta
Aaron Orlando Soria
Laudelino Barros
Lawrence Tauasa
Carl Davis Drumond
Kertson Manswell
Chiquilin Soria
David Gutierrez
Walter Alba Melgar
David Gutierrez
Shigabudin Aliev
Ali Izmailov
Alexei Papin
Andrew Tabiti
Andreas Sidon
Andreas Sidon
René Monse
Timo Hoffmann
Kim Weber
Serdar Uysal
Bill Lang
Philadelphia Jack O'Brien
Dan Bayliff
Harris Martin
Jim Hall
Edward Starlight Rollins
Pat Kiely
Jim Hall
Mick Dooley
Bill Slavin
Bill Slavin
Billy McCarthy
Tom Taylor
Dan Hickey
Frank Slavin
Jim Hall
Frank Slavin
Jack Malloy
McArdle
Australian Billy Smith
Tom Lees
Mick Dooley
Mick Dooley
Steve O'Donnell
Mick Dooley
Brinsley
Pablo Fanque
Avery Gibson
Steve Ramos
Tony Canales
Sergeant Jack Lynch
Young Spence
Andres Balsa
Sully Montgomery
Ole Anderson
Chief Metoquah
Abe Brennan
Carl E. Morris
Harvey Perkins
Ralph Brooks
Willie Keeler
Tiny Jim Herman
Noel "Boy" McCormick
Young Hector
Young Hector
Young Hector
Willie Keeler
Ole Anderson
Jimmy Darcy
Jerry Schumann
Bill LaRue
Jimmy Darcy
Billy Miske
Bob Devere
Jack Dillon
Fred Fulton
Jack Dillon
Battling Levinsky
Jack Dillon
Al Reich
Jim Coffey
Gunboat Smith
Tony Ross
Carl E. Morris
Battling Levinsky
Jack Dillon
Carl E. Morris
Jim Coffey
Jack Dillon
George Rodel
Battling Levinsky
Gunboat Smith
Jim Coffey
Charley Schmidt
Philadelphia Jack O'Brien
Billy Papke
Montana Jack Sullivan
Jim Barry
Al Kaufman
Jim Barry
Jack Twin Sullivan
Jim Tremble
Jack Twin Sullivan
Jack Twin Sullivan
Tom Kinsley
Tom Kinsley
Tom Reilly
George Gardiner
Morgan Williams
Tom Reilly
Harry Peppers
Andy Walsh
Jack Root
Morgan Williams
Tom Kinsley
Ed Kinsley
Tom Kinsley
Joe Cotton
Mike 'Dummy' Rowan
Jack Kid Lavalle
Mose LaFontise
Mose LaFontise
Denis Ike Hayes
Roy Mendy
Ed Seaman
Ed Hennessey
Ross Jenkins
Henry Bray
Krzysztof Włodarczyk
Silvio Branco
Krzysztof Włodarczyk
Zsolt Erdei
Krzysztof Włodarczyk
Scott Lansdowne
Colin Kenna
Micky Steeds
Roman Greenberg
Taras Bydenko
Luan Krasniqi
Volodymyr Vyrchys
Steffen Nielsen
Sinan Samil Sam
Luke Simpkin
Željko Mavrović
Michael Murray
Nikolay Kulpin
David Kilgour
Leon Carter
Fred Heath
David Dixon
Fred Heath
Rocky Pepeli
Jack London
Jack London
Jack London
Tommy Farr
Len Harvey
Claudio Villar
Jack London
Ben Foord
Ben Foord
Jack Petersen
Len Harvey
Don McCorkindale
Walter Neusel
Don McCorkindale
Chuck Wiggins
Bill Hartwell
Mike McTigue
Martin Burke
Ludwig Haymann
George Cook
Harry Persson
Hans Breitensträter
Marcel Nilles
Michael Kompa Stein
Jack Humbeeck
Quintin Romero Rojas
Frank Moody
Eddie Mader
Don Petrin
Al Gainer
Al Delaney
Al Delaney
Eddie Mader
Patsy Perroni
Marty Gallagher
Bob Tow
Edward "Unknown" Winston
Don Petrin
Jack Gagnon
Natie Brown
Johnny Risko
Harold Mays
Jack Dorval
Paul Cavalier
Bud Gorman
Al Friedman
Tom Kirby
Neil Clisby
Harold Mays
Ad Stone
George Hoffman
James Jay Lawless
Johnny Alberts
Kris Terzievski
Justis Huni
Barry Hall
Coleman Barrett
Mindaugas Kulikauskas
Kevin Lerena
Hussein Muhamed
Andre van den Oetelaar
Anders Eklund
Maik Krol
Reiner Hartmann
Albert Syben
Giovanni De Luca
Stewart Lithgo
James Dixon
John L Gardner
Albert Syben
Tony Moore
Lisimo Obutobe
Jean Belval
Billy Miske
Harry Greb
Harry Greb
Noel "Boy" McCormick
Billy Miske
Bartley Madden
Young Mahoney
Frank Logan
Umut Camkiran
Sean Turner
Hank Hankinson
Motzi Spakow
Mauro Galusso
Andres Castano
Bearcat Wright
Walter Cobb
Jack Gross
Bearcat Wright
Jimmy Byrne
Long Tom Hawkins
Al Walker
Johnny Risko
Bearcat Wright
Chuck Wiggins
Jack Renault
Jack Townsend
Tom Cowler
Battling Owens
Jack Renault
Jack Thompson
Battling Norfolk
Alfredo Lagay
Karel Sys
Leonard Morrow
Maynard Jones
Harold Johnson
Alabama Kid
Turkey Thompson
Joe Muscato
Alberto Lovell
Roscoe Toles
Roscoe Toles
Roscoe Toles
Roscoe Toles
Alberto Lovell
Roscoe Toles
Alberto Lovell
Eduardo Primo
Valentin Campolo
Alberto Lovell
Nathan Mann
Roscoe Toles
Roscoe Toles
Maurice Strickland
Al Ettore
Leroy Haynes
Eduardo Primo
Billy Jones
Victorio Campolo
Frankie Edgren
Pedro Proenza
Luis Aravena
Dmitry Kudryashov
Darnell Wilson
Yanqui Díaz
Derek Bryant
Joe Mesi
Cliff Couser
Don Laliberte
Kirby Russell
Troy Roberts
Shane Sutcliffe
Ritchie Goosehead
Manuel Charr
Dominick Guinn
Gus Lambert
Dangerous Jack Watson
Brian Nix
Miguel Otero
Mike Dixon
Melvin Foster
Bruce Johnson
Robert Evans
Alexandru Jur
Tamas Lodi
Serhiy Demchenko
Serhiy Demchenko
Rakhim Chakhkiyev
Silvio Branco
Mateusz Masternak
Jarno Rosberg
Denis Bakhtov
Jari Markkanen
Remigijus Žiaušys
Tommy Cleary
Tommy Cleary
Jack Senrab
Dave Campbell
Harris Martin
Harris Martin
Harris Martin
Harry Woodson
Harris Martin
Frank Taylor
Frank Taylor
Frank Taylor
Patsy Mellen
Billy Wilson
Billy Wilson
Harry Woodson
Harry Woodson
Leatitia Robinson
Annie Mazerolle
Garing Lane
Yacine Kingbo
Agustin Corpus
Mika Kihlström
Jukka Järvinen[fi]
Patrick Freeman
Guy "Rock" Casale
John Kane
Tom McNeeley
Taras Bidenko
Robert Gregor
Grover Young
Andrey Fedosov
Rodney Wallace
Tye Fields
Fres Oquendo
Derrick Jefferson
Gerald Nobles
Dayton Wheeler
Dale Brown
Vaughn Bean
John Andrade
Zuri Lawrence
Richie Brown
Scott Lopeck
Richard Frazier
Joe Kenna
Dominick Guinn
Carl Morris
Mike Schreck
Hugh McGann
Mike Schreck
Gus Ruhlin
John Willie
George Gardner
George Gardner
Jack Root
Wild Bill Hanrahan
Joey Wilson
Justin Whitehead
Colin Wilson
David James Cherry
Stanley Poreda
Charley Retzlaff
Patsy Perroni
John Schwake
Giacomo Bergomas
Jose Santa
Jimmy Slattery
Johnny Risko
Charley Retzlaff
Emmett Rocco
Frank Cawley
Tuffy Griffiths
Victorio Campolo
Otto von Porat
Jim Maloney
Phil Scott
George 'Blackie' Miller
George Cook
Frans Hendrickx
Phil Scott
Jim O'Sullivan
Ern Waddy
Charlie Taylor
Colin Bell
Colin Bell
Rony Sefo
Colin Bell
Frank Gribben
Desley Robinson
Alrie Meleisea[37]
Ange Davis[38]
Tinta Smith
Che Kenneally
Che Kenneally
Kingsley Ibeh
David Torres García
Jonathan Rice
Jonathan Rice
LaRon Mitchell
Andrey Fedosov
Wilfrido Leal
Mindaugas Kulikauskas
Joseph Chingangu
Heinz Neuhaus
Heinz Neuhaus
Karel Sys
Heinz Neuhaus
Walter Neusel
Tomas Mrazek
Keith Long
Harry Senior
Michael Murray
Pat Passley
Sherman Williams
Nick Guivas
Mairis Briedis
Krzysztof Głowacki
Ola Afolabi
Jerry Forrest
Dan Hickey
Jim Jeffords
Mick Dooley
Joe Goddard
William Power
WH Watson
William Power
WH Watson
Martin Costello
Martin Costello
Martin Costello
Jack Burke
Mick Dooley
Mick Dooley
Gus Lambert
Jack Fallon
Tom Lees
Tom Lees
Larry Foley
Mick Dooley
Mick Dooley
Mick Dooley
Martin Costello
Mick Dooley
Stonewall Jack
Steve O'Donnell
Steve O'Donnell
Jim Nolan
Tom Taylor
George Seale
Pat Kiely
Pat Kiely
Steve O'Donnell
Jack Malloy
Billy McCarthy
Hugh Healey
Pablo Fanque
Jack Thompson
Unknown Slade
William Miller
Larry Foley
Bill Farnan
Bill Farnan
Tom Lees
Tom Lees
Jack Hayes
Hans Kalbfell
Howard King
Eddie Machen
Jimmy Slade
Jimmy Slade
Bert Whitehurst
Shirley Pembleton
Harry Gibson
Kid Norfolk
Kid Norfolk
Gabe Gulart
Battling Jim Johnson
Sam McVea
Battling Jim Johnson
Jeff Clark
Jack Thompson
Jeff Clark
Battling Jim Johnson
Tony Ross
Jim Barry
Morris Harris
Sam McVea
Sid Russell
Al Kubiak
Sandy Ferguson
Sam McVea
Jim Barry
Black Bill
George Cole
Black Bill
Morris Harris
Morris Harris
Hank Griffin
Dan Long
Gus Ruhlin
Franchón Crews-Dezurn
Irais Hernandez
Joe Mesi
Kid Norfolk
Tango Kid
Joe Bonds
Jack Thompson
Jeff Clark
Andre Anderson
Soldier Kearns
Joe Battling Woods
Porky Dan Flynn
Kid Jackson
Fred Storbeck
Alf Langford
Matthew Curran
Alf Langford
Tom Overby
Tony Ross
Tom Overby
Al Kubiak
Jeff Clark
Mark Petrovskii
Andre Bunga
Viktor Vykhryst
Ihor Shevadzutskyi
Ali Eren Demirezen
Oleksandr Zakhozhyi
Shigabudin Aliev
Manuel Charr
Tor Hamer
Timur Ibragimov
Javier Mora
Denis Lebedev
Laurent Boudouani
Laurent Boudouani
David Noel
Álvaro Morales
Pavels Dolgovs
Tony Grano
Viktor Vykhryst
Youri Kayembre Kalenga
Joe McAuliffe
Patsy Cardiff
Bill Bradburn
Paddy McDonald
Mervine Thompson
Pat McHugh
Steve O'Donnell
Frank Slavin
Abe Ullman
Steve O'Donnell
Steve O'Donnell
Frank Slavin
John Scholes
Jem Smith
Jack Ashton
Johny Seidel
Frank Faber
George Fryer
Jack Burke
Jem Goode
Mike Cleary
Charley Mitchell
Jem Goode
George Kid Cotton
Black Bill
Tom Foley
George Lawler
Sandy Ferguson
Walter Johnson
Fred Russell
Joe Goddard
Peter Maher
Ed Denfass
Harry Peppers
Frank Scott
Joe Cusumano
Ali Eren Demirezen
Trent Rawlins
Jonathan Rice
Brian Torzenski
Monroe Ratliff
Larry Zernitz
Julio Mederos
Charley Norkus
Rocky Jones
Dan Bucceroni
Laura Ramsey
Gwendolyn O'Neil
Martha Salazar
Tiffany Woodard
Tom Glesby
Arthur Williams
Marcelo Victor Figueroa
Patrick Lumumba
Lottie Mwale
Sherman Griffin
Ramzi Hassan
Charles Williams
Cedric Parsons
Jerome Clouden
Chisanda Mutti
Anthony Witherspoon
Fulgencio Obelmejias
Johnny Davis
Richie Kates
Willie Stallings
Willie Edwards
Brad Simmons
Battling Gahee
Tim Sullivan
Tim Sullivan
Eddie Tremblay
Jim Jam Barry
Sonny Goodrich
Bearcat Wright
Clem Johnson
Jim Jam Barry
Jack Taylor
Jack Taylor
Brad Simmons
Bearcat Wright
Ted Jamieson
Tut Jackson
Bill Tate
Lee Anderson
Bill Tate
Lee Anderson
Topeka Jack Johnson
Jack Thompson
Lee Anderson
Lee Anderson
Bill Tate
Jeff Clark
Jack Thompson
Jack Thompson
Jack Thompson
Willie Meehan
Fred Fulton
Jeff Clark
Jeff Clark
Jeff Clark
Fred Fulton
Bill Tate
Bill Tate
Sam McVea
Sam McVea
Sam McVea
Sam McVea
Sam McVea
Porky Dan Flynn
Joe Jennette
Jeff Clark
Joe Jennette
Battling Jim Johnson
Gunboat Smith
Joe Jennette
Colin Bell
Sam McVea
Sam McVea
Jack Driscoll
Sam McVea
Sandy Ferguson
Jim Barry
Joe Jennette
Jim Barry
Joe Jennette
Young Peter Jackson
Joe Jennette
Jack Blackburn
Young Peter Jackson
Jack Blackburn
Larry Temple
Larry Temple
George Cole
Jack Blackburn
Dave Holly
Dave Holly
Barbados Joe Walcott
Dave Holly
Jack Blackburn
Andy Watson
Jack Blackburn
Danny Duane
Andy Watson
Andy Watson
Andy Watson
Andy Watson
Stonewall Allen
Johnny Johnson
Luther Manual
Luther Manual
Billy Chisholm
Roger Izonritei
Manuel Charr
Kotatsu Takehara
Colin Wilson
Baden Oui
Nermin Sabanovic
Yan Kulkov
Mark de Mori
Johnny Haynes
Tex Boddie
Doug Ellison
Abel Cestac
Doug Ellison
Charley Johnson
Claressa Shields
Alejandra Jimenez
Joe Lloyd
Lucas Browne[3]
Nathan Briggs[4]
Joey Wilson
Colin Wilson[5]
Costa Chondros
Elisara Sii Uta
Amosa Zinck
Richard Tutaki
Yan Kulkov
Victor Oganov
Lawrence Tauasa
Daniel Rowsell
Sean Sullivan
Paul Murdoch
Daniel Rowsell
Paul Briggs
Lightning Lupe
Seiaute Ma'ilata
Clinton Woods
Yong-Suk Choi
Glen Kelly
Mike Makata
Simon Whiu
Frankie Edgren
Jay D. Turner
Babe Ritchie
Johnny Paychek
Jack Doyle
Bob Nestell
Maxie Rosenbloom
Nash Garrison
Marty Gallagher
Lee Ramage
Lee Ramage
Phil Brubaker
Marty Gallagher
Art Lasky
Art Lasky
Walter Neusel
Johnny Risko
Joe Sekyra
Johnny Risko
Mickey Walker
Young Con O'Kelly
Ace Hudkins
Emmett Rocco
Johnny Risko
Tuffy Griffiths
Jimmy Slattery
Paul Pantaleo
Mitz Minikel
Paul Swiderski
Al Stillman
Ted Ross
Joe Corrado
Johnny Sherrod
Johnny DeCoursey
Cecil Hurt
Russell Buelick
Nick Taft
Louis Monaco
Stanley Wright
Jeff Clark
Colin Kenna
Pavels Dolgovs
Simon Kean
Lawrence Okolie
Gwendolyn O'Neil
Natalya Ragozina
Gwendolyn O'Neil
Martha Salazar
Geraldine Cox
Geraldine Cox
Anarbaev Emir
Faiga Opelu
Ruslan Maximov
Lucas Browne
Peter Graham[6]
Lucas Browne[8]
Satybaldiev Erlis
Jason Bergman
Johnathon Banks
Kelvin Price
Odlanier Solis
Jigitaliev Bakai
Terry Smith
Raymond Olubowale
Derrick Jefferson
Tye Fields
Rob Calloway
Leo Nolan
Sonny Boy Walker
Al McCoy
Al McCoy
Ben Foord
Tommy Farr
Andre Lenglet
Al Delaney
Jose Carattoli
Jose Carattoli
Johnny Risko
Walter Neusel
Johnny Risko
Stanley Poreda
Steve Hamas
Steve Hamas
Joe Sekyra
Ad Stone
Buck Holley
Harry Greb
Ad Stone
Harry Greb
Jimmy Delaney
Mike McTigue
Jeff Smith
Harry Greb
Harry Greb
Lou Bogash
Harry Greb
Frankie Britton
Charlie O'Neill
Johnny Viggi
Johnny Dougherty
Happy Jack McWilliams
Kid Emanuel
Gordon Racette
Ibelo Moano
Mile Schutte
Domenico Adinolfi
Hal Caroll
Lynn Ball
Deontae Pettigrew
Andrzej Fonfara
Krzysztof Włodarczyk
Jeremiah Milton
Yamil AlbertoPeralta
Oleksandr Teslenko
Oscar Rivas
Tom Cowler
Ed Hagen
White Hope
Tommy Ryan
Ed Hagen
Benjamin Roller
Tom Costello
Henry Clark
Roger Russell
Floyd McCoy
Ismael Ocles
Lamont Capers
Daniel Pasciolla
Johnathon Banks
Krzysztof Włodarczyk
Emmanuel Nwodo
Lawrence Clay-Bey
Taurus Sykes
Jorge Castro
Louis Azille
Arthur Williams
Richie Brown
Marcin Siwy
Hussein Muhamed
Agron Smakici
Franz Rill
Vladimir Tereshkin
Manuel Charr
Taras Bidenko
Zack Page
Mike Mollo
DaVarryl Williamson
Michael Murray
Louis Monaco
Gary Charlton
Arthur Pelkey
Jim Stewart
Harry Wuest
Jeff Clark
Joe Grim
Harold Sconiers
Zuri Lawrence
Sherman Williams
Ron Guerrero
Greg Pickrom
Albert Williams
Gary Bell
Alfred Cole
Mohamed Bouchiche
Hughroy Currie
Dave Garside
Anders Eklund
Rudi Pika
John Westgarth
Mark Krence
Nikolay Popov
Jack Thompson
Pinky Lewis
Jack Livingstone
Bob Devere
Jack Thompson
Joe Jennette
Battling Jim Johnson
Joe Jennette
Joe Jennette
Fred Drummond
Fred Drummond
Joe Jennette
Denver Ed Martin
Travis Walker
Sarah Long
Jesse Ferguson
Mateusz Cielepala
Amos Johnson
Zora Folley
Archie McBride
Dick Richardson
Helmut Ball
Joey Dawejko
Yevgeniy Tulenov
Johnathon Banks
Alvaro Morales
Lamar Stephens
Simon Kean
Ashanti Jordan
Matt Ives
Marselles Brown
Felipe Romero
Johnathon Banks
Tye Fields
Grigory Drozd
Ramón Garbey
Jason Robinson
Louis Azille
Uriah Grant
Torsten May
Virgil Hill
Isaias Lucero
Salvador Maciel
Troy Weaver
Ahmed Krnjić
Mike Evans
Johnny du Plooy
Dwight Muhammad Qawi
Rickey Parkey
Dmitry Kudryashov
Paul Jennette
József Nagy
David Spilmont
Seun Salami
Dmytro Bezus
Marcin Siwy
Jose Larduet
Simon Kean
Tor Hamer
Jovo Pudar
Manuel Charr
Herman Ene Purcell
Tai Tuivasa
Norbert Ekassi
James Warring
Carlos de León
Dennis Bailey
Brian Schumacher
Magne Havnaa
Tommy Taylor
Peter Brown
Dicky Ryan
Ola Afolabi
Nate Miller
Olian Alexander
Guillermo Reyes Dominguez
Terry Dunstan
Garry Delaney
Mohamed Siluvangi
Alex Garcia
Mike Hunter
Pierre Coetzer
Piet Crous
John L. Gardner
Lateef Kayode
Joseph Rabotte
Simon Kean
Tamaz Zadishvili
Rene Dettweiler
Ryan Rozicki
Ryan Rozicki
Joey Dawejko
Emilio Salas
Avery Gibson
Sarah Long
Mairis Briedis
Evgeny Orlov
Bob Mirovic
Ryosuke Takahashi
Mosese Kavika
Auckland Auimatagi
Roger Izonritei
Colin Wilson
Tone Fiso
Bob Mirovic
Mosese Kavika
Tone Fiso
Kimitaka Sakai
David Aloua
Ludovic Mace
Ken Woods
Chuck Miller
Alonzo Hollis
Dimitri Ostraiano
Lajos Erős
Francisco Borja
LaVelle Stanley
Wesley Martin
Jules Pierre
Tony Booth
Karoly Kovacs
Domingo Monroe
Franck Guilmot
Rund Kanika
Gary Durr
John Andrade
Lenzie Morgan
John Kiser
Terry Ray
Courtney Butler
Terry Porter
Sajad Abdul Aziz
Petr Horacek
Kostyantyn Pryziuk
John Keeton
Ismail Abdoul
Ismail Abdoul
Andre Janssens
Yaroslav Zavorotnyi
Daniil Peretyatko
Edgars Kalnars
Ivan Tomo
Giovanni Auriemma
Maksym Pedyura
Miyan Solomons
Marcelino Novaes
Sergey Kovalev
David Cadieux
Attila Levin
Timo Hoffmann
Sedreck Fields
Frankie Swindell
Will Hinton
King Ipitan
Derek Isaman
John Sargent
Cleveland Woods
Ron Cranmer
Eddie Machen
Tony Alongi
Tony Alongi
Tony Doyle
Archie Moore
George Logan
Hiriwa Te Rangi
Brian London
Ulli Ritter
Zora Folley
Greg Hardy
Kenzie Morrison
Arslan Yallyev
Denis Lebedev
Ovill McKenzie
Claudio Carlos Roque Fernandez
Sebastian Ignacio Ceballos
Magne Havnå
Patrick Lumumba
John Holman
Kid Riviera
Turkey Thompson
Turkey Thompson
Larry Lovett
Dixie Oliver
Dixie Oliver
Willie Reddish
Frank Lumpkin
Henry Taylor
Frank Lumpkin
Frank Lumpkin
Jim Howell
John Henry Lewis
Earl Bethal
Ben McCoy
Billy Jones
Big Fast Black
RC Holloman
Singapore Joe
RC Holloman
Willie Bush
Willie Bush
Battling Chauffeur
Willie Bush
Singapore Joe
Walter King
Derek McCafferty
Luke Simpkin
Jacklord Jacobs
Joe Hipp
Pierre Coetzer
Levi Forte
Marvis Frazier
Cecil Coffee
Ricardo Richardson
Troy Ross
Paul Mbongo
Michael Polite Coffie
Tony Severance
Alfio Righetti
Glenn Morgan
Ibar Arrington
Walter E. Moore, Jr.
Bobby Lloyd
Marlin Lewis
Marlin Lewis
Bobby Lloyd
Ibar Arrington
Fred Houpe
Randy Stephens
Mike Schutte
Mike Schutte
John "Dino" Denis
Wendell Joseph
Mike Quarry
Eddie Owens
Jose Manuel Urtain
Pedro Agosto
Robie Harris
Pedro Agosto
Charlie Harris
Al Singletary
Moses Harrell
Herman Harris
Hal Carroll
Zhaoxin Zhang
Dillon Carman
David Jaco
Phil Brown
Zhang Zhilei
Lucas Browne
Vladimir Chanturia
Kris Terzievski
Joel Shackleton
Blayne Davis
David Aloua
Toivo Pettinen
Luan Krasniqi
Lamont Capers
Osborne Machimana
Nate Tubbs
Bert Whitehurst
Julio Mederos
Harold Johnson
Harold Carter
Harold Carter
Harold Carter
John Holman
Joe Rowan
Archie McBride
Joe Lindsay
Marty Marshall
Charley Williams
Harold Johnson
Clarence Henry
Wes Bascom
Rex Layne
Lee Oma
Henry Hall
Archie Moore
Joey Maxim
Bob Amos
Al Johnson
Bob Foxworth
Jake LaMotta
Holman Williams
Johnny Vorce
Mack Parshay
Ted Lowry
Phil Muscato
Phil Muscato
Fitzie Fitzpatrick
Jimmy Richie
Al Hoosman
Joe Baksi
Joe Baksi
Tami Mauriello
Eddie Blunt
Tami Mauriello
Tony Musto
Harry Bobo
Harry Bobo
Billy Conn
Johnny Whiters
Andy Miller
Lem Franklin
Tom Kenneally
Domingo Valin
Al Bray
Phil Brubaker
Sonny Boy Walker
Sonny Boy Walker
Hank Hankinson
Alfred Rogers
Frank Androff
Andy Miller
Verne Trickle
Jack Gibbons
Billy Treest
Frank Androff
Pat Arnold
Russ Wasser
Eddie Wenstob
Jack Charvez
George Fritz
Dave Maier
George Eckes
Pat Arnold
Pat Arnold
Larry Udell
Porky McPartlin
Johnny Simpson
Edward "Unknown" Winston
Stanley Poreda
Babe Hunt
Paul Pantaleo
Johnny Risko
Meyer K.O. Christner
Young Con O'Kelly
Tiger Jack Payne
Big Boy Peterson
Harold Mays
Yale Okun
Yale Okun
Benny Touchstone
Richard Vogt
Walter Neusel
Steve Hamas
Gipsy Daniels
Max Diekmann
Leon Randol
Jack Taylor
Jimmy Lyggett Sr
Max Diekmann
Brian Minto
Vyacheslav Glazkov
Kem Ljungquist
Kevin Lerena
Firat Arslan
Manuel Charr
Fres Oquendo
Tye Fields
Gerald Nobles
Tony Shucco
Tony Shucco
Mickey Walker
Johnny Risko
Bud Gorman
Charley Weinert
Charley Weinert
Jim Maloney
Quintin Romero Rojas
Eddie Ricord
Jack Munroe
Gus Ruhlin
Peter Maher
Mexican Pete Everett
Gus Ruhlin
Peter Maher
Jim Williams
Reddy Gallagher
Alec Greggains
Nick Burley
Nick Burley
George Washington
Brian Yates
George Chaplin
Walter Santemore
Bob Stallings
Ron Stander
Stan Johnson
Joseph Goodall
Joel Caudle
Deion Jumah
Viddal Riley
David Gladun
Thabiso Mchunu
Akani Phuzi
Alexei Papin
Callum Johnson
Johnny Muller
Arthur Abraham
Emmanuel Duma
Isaac Chilemba
Stanyslav Kashtanov
Stephen Nzuemba
Emmanuel Duma
Sydwell Mokhoro
Billy Rhodes
Jim Fitzpatrick
George Gardiner
Ed Dunkhorst
Peter Maher
Peter Maher
Jack Slattery
John Hughes
Con Riordon
Con Coughlin
Joe Butler
Frank Craig
Billy Baker
Fred Morris
Big Sullivan
Tom Robinson
Mervine Thompson
Tommy Cleary
Jack Stewart
Jack Stewart
Harry Woodson
Professor John Donaldson
Martha Salazar
Vonda Ward
Mirko Tintor
Łukasz Różański
Marcin Rekowski
Hastings Rasani
Zuri Lawrence
Arthur Cook
Tony Doyle
Ron Stander
Jose Luis Garcia
Tony Doyle
Charlie Reno
Mac Foster
Billy Walker
Bill McMurray
Amos Lincoln
Amos Lincoln
Chuck Leslie
Shirley Pembleton
Lukasz Rozanski
Ali Eren Demirezen
Marcin Siwy
Tye Fields
Taras Bydenko
Volodymyr Vyrchys
Timo Hoffmann
Wayne Llewellyn
Harry Senior
Lance Whitaker
Phil Jackson
Craig Petersen
Dmitrii Vasenev
Pierre Charles
Johnny Freeman
Babe Hunt
Leo Deibel
Chuck Wiggins
Paul Berlenbach
Jimmy Delaney
Hugh Walker
Ad Stone
Paul Berlenbach
Jimmy Slattery
Norman Genet
Mike McTigue
Vic McLaughlin
Frank Carbone
Colin (Red) McLachlin
Jackie Clark
James Red Herring
Battling Budd
Battling Budd
Battling Budd
Larry Avera
Battling Budd
Larry Avera
Freddie Boorde
Freddie Boorde
Battling Budd
Freddie Boorde
Fearless Ferns
Dick Leonard
Charley Mitchell
Patsy Cardiff
Paddy Ryan
Dzenan Poturak
Goutoku Onda
Peter Sampson
Kar Dong Yai
David Howe
Damien Campbell
Chris Burton
Chris Burton
David Dolan
Sebastian Koeber
Aleksandr Alekseyev
John Keeton
Mark Hobson
Mark Hobson
Denzil Browne
Crawford Ashley
Robert Norton
Steffen Nielsen
Kelly Oliver
Brian Gascoigne
Garry Delaney
Mark Levy
Cathal O'Grady
Chris P Bacon
Chris P Bacon
Phil Day
Tim Redman
John L. Gardner
Neil Malpass
Neil Malpass
Lukasz Rozanski
Jayden Joseph
Kiki Toa Leutele[5]
Alapati A'asa[6]
Chauncy Welliver[8]
Chauncy Welliver[9]
Jameson Bostic
Bob Gasio
Chauncy Welliver[10]
Richard Tutaki
Amosa Zinck
Sean Sullivan[11]
Danny Green
Fale Braxton
Gerrard Zohs
Grégory Tony
Sergei Kuzmin
Domonic Jenkins
Willie Chapman
Lateef Kayode
Chad Dawson
Chad Dawson
Bernard Hopkins
Glen Johnson
Eric Harding
Nikolay Valuev
Miguel Otero
Miguel Otero
Larry Carlisle
Djuar El Scheich
Jeff Merritt
Manuel Ramos
Wayne Bethea
Johnny Gray
Johnny Gray
Agron Smakici
Andrey Fedosov
Arron Lyons
Ruben Rivera
Eric Kirkland
Curtis Harper
Colin Wilson
Andre Purlette
Charles Shufford
Craig Petersen
Derek Williams
Mike Hunter
Rob Calloway
Tim Puller
Cliff Couser
Will Hinton
Alexander Zolkin
Adilson Rodrigues
Arthel Lawhorne
Johnny DuPlooy
Avery Rawls
Marvis Frazier
Leon Harth
Thabiso Mchunu
Marin Došen
Damian Garcia
Zabit Samedov
Charles Ellis
Jason Gavern
Lucas Browne
Denis Lebedev
Drake Thadzi
Montell Griffin
Montell Griffin
Mike McCallum
Sanderline Williams
Roman Karmazin
Lucian Bute
Randy Griffin
Sergey Tatevosyan
Lucas Browne
Danny Sutton
Randall Rayment
Richard Riakporhe
Tommy McCarthy
Łukasz Różański
Terell Jamal Woods
Manuel Charr
Mickey Walker
Johnny Risko
Tully Griffiths
Big Boy Peterson
Johnny Risko
Franz Diener
George Cook
George Cook
Alonzo Johnson
Charlie Powell
Alex Miteff
Zora Folley
Eddie Machen
Eddie Machen
Bob Baker
Archie Moore
Bob Baker
Billy Gilliam
Archie Moore
Harold Johnson
Joe McFadden
Archie McBride
Jimmy Freeman
Cheo Morejon
Cheo Morejon
Federico Malibran
Mario Raul Ochoa
Julio Lazaro Diaz
Andreas Sidon
Brian Minto
Chris Koval
Chauncy Welliver
Jean-François Bergeron
Chauncy Welliver
Michael Alexander
Shaun George
Gary Gomez
Mike Sheppard
Jason Bergman
Mairis Briedis
Thabiso Mchunu
Thabiso Mchunu
Ilunga Makabu
Gyorgy Hidvegi
Osborn Machimana
Anton Nel
Richard Torrez
Jonathan Rice
Kingsley Ibeh
Matteo Modugno
Claus Bertino
Volodymyr Virchis
Volodymyr Virchis
Zuri Lawrence
Frazer Clarke
Kevin Lerena
Rex Layne
Joey Maxim
Johnny Allen
Abe Simon
Roy Lazer
Tiger Jack Fox
George Brothers
Tiger Jack Fox
Billy Ketchell
Billy Ketchell
Al Ettore
Henry Taylor
Carl Mays
K.O. Palmer
Elza Thompson
Henry Taylor
Jim Howell
Edward Winston Jr.
Jim Howell
Jack Trammell
Willie Reddish
Jack London
Gustave Limousin
Don "Red" Barry
Humberto Arce
Ed "Bearcat" Wright
Willie Bush
Willie McGee
Willie Bush
Willie Bush
Seldom Heard
Willie Bush
Bob Lawson
Happy Hunter
Nick Kisner
Murat Gassiev
Dirk Wallyn
Dirk Wallyn
Garry Delaney
Chris Okoh
Kalin Stoyanov
John Emmen
Norbert Ekassi
Christophe Girard
John Held
Frazer Clarke
Ali Eren Demirezen
Richard Lartey
Michal Boloz
Kamil Sokołowski
James Oyebola
Gary Charlton
Scott Frank
Horst Geisler
Mike Schutte
Duane Bobick
Randy Neumann
Jerry Judge
Jerry Tomasetti
Buster Mathis
Bob Stallings
Everett Copeland
Everett Copeland
Luis Angel Firpo
Tom McMahon
George Rodel
Charley Miller
Gunboat Smith
Joe Cox
Lewis Fink
Anthony Green
Melvin Foster
Alexandr Zolkin
Jerry Jones
Kimmuel Odum
Jack O'Halloran
Mac Foster
Mac Foster
Al Jones
Bob Cleroux
Eddie Machen
Sylvester Jones
Dan Bolston
Louison Loizou
Nelson Hysa
Djuar El Scheich
Serdar Avcı
Sergei Kharitonov
Kristaps Zutis
Ruslan Myrsatayev
Andreas Sidon
Zsolt Bogdan
Pavel Doroshilov
Frantisek Kynkal
Tomáš Mrázek
Marcin Rekowski
Kelvin Price
Mairis Briedis
Werner Kreiskott
Denis Bakhtov
Leif Larsen
Manuel Charr
Lawrence Clay-Bey
Albert Stewart
Alex García
Daniel Martz
Jason Bergman
Jeremiah Karpency
Tommy Karpency
Patrick Ferguson
Scott Conner
Daniel Martz
Eugene Hill
Daniel Martz
Jeremiah Karpency
Jason Bergman
Danny Santiago
Ali Mansour
China Smith
Daniel Martz
Eric Fields
Steve Collins
Damian Wills
Darryl Cunningham
Felix Cora Jr.
Shawn Hawk
Alfonso López III
Les Sherrington
Mark Tucker
Cedric Agnew
Eduard Gutknecht
Chris Henry
Andre Ward
Allan Green
Antwun Echols
Jeff Lacy
Epifanio Mendoza
Mark Hunt
Keith McKnight
Bobby Crabtree
James Heath
Kenny Keene
Alexander Zolkin
Art Tucker
Pierre Coetzer
Dicky Ryan
Jesse Shelby
Juan Roldán
Dennis Andries
Alex Ramos
Andres Castano
Bill Tate
Bill Tate
Jack Thompson
Sam McVea
Jack Thompson
Jack Thompson
Battling Jim Johnson
Sam McVea
Sam McVea
Joe Jennette
Joe Jennette
Jeff Clark
Jack Graves
Dave Mills
George Kid Cotton
Jason Waller
Robert Wiggins
Robert Davis
Faruq Saleem
Jason Robinson
Michael Rush
Derrick Jefferson
David Izon
Ezra Sellers
Shazzon Bradley
Robert Hawkins
Terrence Lewis
Obed Sullivan
Jeff Wooden
David Izon
Aurelio Perez
Zeljko Mavrovic
Vaughn Bean
Jade Scott
Boris Powell
Gerard Jones
Derek Isaman
Boris Powell
Charles Dread
Simon Kean
Roberto Nafate
Nikodem Jeżewski
Brian Howard
Jack Gardner
Joe Baksi
Tami Mauriello
Andrew Tabiti
Joe Jones
Beibut Shumenov
Stivens Bujaj
Ryad Merhy
Tim Anderson
Mike Jameson
Eddie Richardson
Chuck Gardner
Tony Fulilangi
Philipp Brown
Pat Cuillo
Billy Aird
Randy Neumann
Roy Williams
Clay Hodges
Arslan Yallyev
Jerry Forrest
Krzysztof Twardowski
Mike Mollo
Joey Montoya
James Pritchard
Mike Evans
Mike Evans
Johnny du Plooy
Lee Canalito
Bennie Knoetze
Mike Perkins
Scott Frank
Pat Cuillo
Marvis Frazier
Leroy Boone
Jerry Jones
Tony LaRosa
Lyle McDowell
S. T. Gordon
Renaldo Snipes
Leroy Caldwell
Buster Mathis Jr.
Gbenga Oloukun
Charles Shufford
Clifford Etienne
Marcus McGee
Sedreck Fields
Darroll Wilson
Joe Beckett
Arthur Pelkey
Philadelphia Jack O'Brien
Jack Twin Sullivan
Hugo Kelly
Hugo Kelly
Jack Twin Sullivan
Philadelphia Jack O'Brien
Billy Woods
Tony Caponi
Mike Schreck
Billy Moore
Mike Schreck
Shaun George
Lucas Browne
Rob Calloway
Renaldo Snipes
Willie Meehan
Willie Meehan
Willie Meehan
Al Norton
Willie Meehan
Al Norton
John Lester Johnson
Jack Downey
Johnny Sudenberg
Johnny Sudenberg
Jack Downey
Chief Geronimo
Young Herman
Paul Phillips
Louis Monaco
Lou Savarese
Jesse Ferguson
David Starkey
Mike White
Steffen Tangstad
David Bey
Floyd Cummings
Carl Thompson
Brad Simmons
Bill Hartwell
Bearcat Wright
Brad Simmons
Bob Lawson
Jerry Smith
Battling Jim Johnson
Philadelphia Jack O'Brien
Joe Jennette
Billy Dunning
Joe Jennette
Sandy Ferguson
Hank Griffin
Hank Griffin
Hank Griffin
Mexican Pete Everett
Billy Stift
Jim Scanlon
Klondike Haynes
William McNeill
Jim McCormick
Klondike Haynes
Anthony Pettis
Enzo Maccarinelli
Denis Lebedev
Bernard Hopkins
Danny Green
Joe Calzaghe
Glen Johnson
Montell Griffin
Cassius Clay
Marty Marshall
Alvaro Morales
Lance Whitaker
Marcin Rekowski
Cedric Boswell
Timur Ibragimov
DaVarryl Williamson
Samson Cohen
Mike Hunter
Joey Christjohn
Jonathan Guidry
Noel Quarless
Lawrence Carter
Mike Hunter
Abraham Okine
Gilbert Martinez
Alexander Zolkin
William Morris
Harry Greb
Jack Renault
Harry Greb
Tommy Gavigan
KO Jaffe
Jake Paul
Melvin Foster
Johnny DuPlooy
Leroy Jones
Stan Ward
Duane Bobick
Rodney Bobick
Larry Frazier
Billy Ryan
Howard Smith
Howard Smith
Brian Nix
Lou Savarese
Mike Sedillo
Everett Martin
Carlos Negrón
Faiga Opelu
